<?xml version="1.0" encoding="utf-8"?><testsuites name="pytest tests"><testsuite name="pytest" errors="0" failures="0" skipped="0" tests="4" time="2.291" timestamp="2026-09-21T17:53:14.746072+00:00" hostname="agent-env-d2090817-02eb-4a3f-94b9-a315d4a94c39"><testcase classname="tests.test_appearance.TestAppearance" name="test_get_appearance_public" time="0.226" /><testcase classname="tests.test_appearance.TestAppearance" name="test_put_requires_auth" time="0.131" /><testcase classname="tests.test_appearance.TestAppearance" name="test_put_dark_then_light_persists" time="1.029" /><testcase classname="tests.test_appearance.TestAppearance" name="test_invalid_theme_defaults_to_dark" time="0.295" /></testsuite></testsuites>