<?xml version="1.0" encoding="utf-8"?><testsuites name="pytest tests"><testsuite name="pytest" errors="0" failures="0" skipped="0" tests="28" time="5.429" timestamp="2026-09-18T12:10:10.122623+00:00" hostname="agent-env-48d0824d-5e6c-48ed-86ed-3388a42d3b51"><testcase classname="tests.backend_test.TestRemovedEndpoints" name="test_gone[/chat]" time="0.465" /><testcase classname="tests.backend_test.TestRemovedEndpoints" name="test_gone[/checkout/membership]" time="0.168" /><testcase classname="tests.backend_test.TestCms" name="test_cms_crud[gallery]" time="0.966" /><testcase classname="tests.backend_test.TestRemovedEndpoints" name="test_gone[/plans]" time="0.134" /><testcase classname="tests.backend_test.TestRemovedEndpoints" name="test_gone[/payments]" time="0.127" /><testcase classname="tests.backend_test.TestRemovedEndpoints" name="test_gone[/subscriptions/mine]" time="0.167" /><testcase classname="tests.backend_test.TestCms" name="test_cms_crud[hero_images]" time="1.058" /><testcase classname="tests.backend_test.TestRemovedEndpoints" name="test_plans_cms_kind_404" time="0.367" /><testcase classname="tests.backend_test.TestAuth" name="test_login_success" time="0.296" /><testcase classname="tests.backend_test.TestAuth" name="test_login_bad" time="0.291" /><testcase classname="tests.backend_test.TestAuth" name="test_me" time="0.070" /><testcase classname="tests.backend_test.TestCms" name="test_cms_crud[treatments_menu]" time="0.671" /><testcase classname="tests.backend_test.TestAuth" name="test_register_removed" time="0.065" /><testcase classname="tests.backend_test.TestUpload" name="test_upload_and_serve" time="0.599" /><testcase classname="tests.backend_test.TestCms" name="test_cms_crud[team]" time="0.445" /><testcase classname="tests.backend_test.TestUpload" name="test_upload_bad_type" time="0.118" /><testcase classname="tests.backend_test.TestLeads" name="test_lead_lifecycle" time="0.547" /><testcase classname="tests.backend_test.TestCms" name="test_cms_crud[testimonials]" time="0.354" /><testcase classname="tests.backend_test.TestAnalytics" name="test_track_and_stats" time="0.200" /><testcase classname="tests.backend_test.TestCms" name="test_public_cms[/gallery]" time="0.072" /><testcase classname="tests.backend_test.TestCms" name="test_public_cms[/hero-images]" time="0.112" /><testcase classname="tests.backend_test.TestBlog" name="test_blog_crud" time="0.706" /><testcase classname="tests.backend_test.TestCms" name="test_public_cms[/treatments-menu]" time="0.070" /><testcase classname="tests.backend_test.TestCms" name="test_public_cms[/team]" time="0.069" /><testcase classname="tests.backend_test.TestCms" name="test_public_cms[/testimonials]" time="0.070" /><testcase classname="tests.backend_test.TestSmtp" name="test_smtp_settings" time="0.255" /><testcase classname="tests.backend_test.TestOffers" name="test_offer_crud_and_public" time="0.263" /><testcase classname="tests.backend_test.TestContent" name="test_content_keys" time="0.205" /></testsuite></testsuites>