<?xml version="1.0" encoding="utf-8"?><testsuites name="pytest tests"><testsuite name="pytest" errors="0" failures="1" skipped="0" tests="28" time="5.071" timestamp="2026-09-18T11:57:37.883176+00:00" hostname="agent-env-48d0824d-5e6c-48ed-86ed-3388a42d3b51"><testcase classname="tests.backend_test.TestRemovedEndpoints" name="test_gone[/chat]" time="0.495" /><testcase classname="tests.backend_test.TestCms" name="test_cms_crud[gallery]" time="0.892" /><testcase classname="tests.backend_test.TestRemovedEndpoints" name="test_gone[/checkout/membership]" time="0.120" /><testcase classname="tests.backend_test.TestRemovedEndpoints" name="test_gone[/plans]" time="0.128" /><testcase classname="tests.backend_test.TestRemovedEndpoints" name="test_gone[/payments]" time="0.130" /><testcase classname="tests.backend_test.TestRemovedEndpoints" name="test_gone[/subscriptions/mine]" time="0.168" /><testcase classname="tests.backend_test.TestCms" name="test_cms_crud[hero_images]" time="0.841" /><testcase classname="tests.backend_test.TestRemovedEndpoints" name="test_plans_cms_kind_404" time="0.391" /><testcase classname="tests.backend_test.TestAuth" name="test_login_success" time="0.290" /><testcase classname="tests.backend_test.TestAuth" name="test_login_bad" time="0.289" /><testcase classname="tests.backend_test.TestCms" name="test_cms_crud[treatments_menu]" time="0.694" /><testcase classname="tests.backend_test.TestAuth" name="test_me" time="0.065" /><testcase classname="tests.backend_test.TestAuth" name="test_register_removed" time="0.063" /><testcase classname="tests.backend_test.TestUpload" name="test_upload_and_serve" time="0.597" /><testcase classname="tests.backend_test.TestCms" name="test_cms_crud[team]" time="0.496" /><testcase classname="tests.backend_test.TestUpload" name="test_upload_bad_type" time="0.060" /><testcase classname="tests.backend_test.TestLeads" name="test_lead_lifecycle" time="0.200"><failure message="assert 200 == 401&#10; +  where 200 = &lt;Response [200]&gt;.status_code">backend/tests/backend_test.py:102: in test_lead_lifecycle
    assert r.status_code == 401
E   assert 200 == 401
E    +  where 200 = &lt;Response [200]&gt;.status_code</failure></testcase><testcase classname="tests.backend_test.TestCms" name="test_cms_crud[testimonials]" time="0.406" /><testcase classname="tests.backend_test.TestAnalytics" name="test_track_and_stats" time="0.227" /><testcase classname="tests.backend_test.TestBlog" name="test_blog_crud" time="0.708" /><testcase classname="tests.backend_test.TestCms" name="test_public_cms[/gallery]" time="0.110" /><testcase classname="tests.backend_test.TestCms" name="test_public_cms[/hero-images]" time="0.075" /><testcase classname="tests.backend_test.TestCms" name="test_public_cms[/treatments-menu]" time="0.067" /><testcase classname="tests.backend_test.TestCms" name="test_public_cms[/team]" time="0.068" /><testcase classname="tests.backend_test.TestCms" name="test_public_cms[/testimonials]" time="0.071" /><testcase classname="tests.backend_test.TestSmtp" name="test_smtp_settings" time="0.305" /><testcase classname="tests.backend_test.TestOffers" name="test_offer_crud_and_public" time="0.291" /><testcase classname="tests.backend_test.TestContent" name="test_content_keys" time="0.215" /></testsuite></testsuites>